2026-02-25 22:25:06,971 INFO Schedule:
    id  origin    dest  start  pass
0  101   praga   milan    600    35
1  102   milan  wieden    650   126
2  103  wieden   praga    700    51
3  104   praga  wieden    700   137
4  105   milan  wieden    710    87
5  106   milan   praga   1100    99
2026-02-25 22:25:06,972 INFO 
===============================================================================================
2026-02-25 22:25:06,973 INFO FLIGHT   | PLANE    | ORIGIN     | DEST       | SCHED  | ACTUAL | ARRIVE | PROFIT
2026-02-25 22:25:06,973 INFO -----------------------------------------------------------------------------------------------
2026-02-25 22:25:06,989 INFO 101      | BOEING1  | praga*     | milan      |    600 |  600   |    657 | $ -36,365
2026-02-25 22:25:06,989 INFO 102      | BOEING1  | milan      | wieden     |    650 |  657!  |    709 | $ -14,662
2026-02-25 22:25:06,989 INFO 103      | BOEING1  | wieden     | praga      |    700 |  709!  |    728 | $ -10,885
2026-02-25 22:25:06,989 INFO 104      | BOEING1  | praga      | wieden     |    700 |  728!  |    747 | $ -17,984
2026-02-25 22:25:06,989 INFO 105      | BOEING2  | milan*     | wieden     |    710 |  710   |    763 | $ -55,002
2026-02-25 22:25:06,989 INFO 106      | BOEING2  | milan*     | praga      |   1100 | 1100   |   1157 | $ -37,245
2026-02-25 22:25:06,990 INFO -----------------------------------------------------------------------------------------------
2026-02-25 22:25:06,992 INFO TOTAL SYSTEM PROFIT: $-172,142.43
2026-02-25 22:25:06,993 INFO (*) Relocation flight required | (!) Flight delayed by plane availability
2026-02-25 22:25:06,994 INFO ===============================================================================================
2026-02-25 22:25:15,211 INFO Schedule:
    id  origin    dest  start  pass
0  101   praga   milan    600    35
1  102   milan  wieden    650   126
2  103  wieden   praga    700    51
3  104   praga  wieden    700   137
4  105   milan  wieden    710    87
5  106   milan   praga   1100    99
2026-02-25 22:25:15,212 INFO 
===============================================================================================
2026-02-25 22:25:15,213 INFO FLIGHT   | PLANE    | ORIGIN     | DEST       | SCHED  | ACTUAL | ARRIVE | PROFIT
2026-02-25 22:25:15,213 INFO -----------------------------------------------------------------------------------------------
2026-02-25 22:25:15,228 INFO 101      | BOEING1  | praga*     | milan      |    600 |  600   |    657 | $ -36,365
2026-02-25 22:25:15,228 INFO 102      | BOEING1  | milan      | wieden     |    650 |  657!  |    709 | $ -14,662
2026-02-25 22:25:15,228 INFO 103      | BOEING1  | wieden     | praga      |    700 |  709!  |    728 | $ -10,885
2026-02-25 22:25:15,228 INFO 104      | BOEING1  | praga      | wieden     |    700 |  728!  |    747 | $ -17,984
2026-02-25 22:25:15,228 INFO 105      | BOEING2  | milan*     | wieden     |    710 |  710   |    763 | $ -55,002
2026-02-25 22:25:15,228 INFO 106      | BOEING2  | milan*     | praga      |   1100 | 1100   |   1157 | $ -37,245
2026-02-25 22:25:15,229 INFO -----------------------------------------------------------------------------------------------
2026-02-25 22:25:15,229 INFO TOTAL SYSTEM PROFIT: $-172,142.43
2026-02-25 22:25:15,232 INFO (*) Relocation flight required | (!) Flight delayed by plane availability
2026-02-25 22:25:15,232 INFO ===============================================================================================
