plane_assignment ---------------: 2026-03-31 21:38:32,938 INFO Schedule:
    id  origin    dest  start  pass
0  101   praga   milan    600    35
1  102   milan  wieden    650   126
2  103  wieden   praga    700    51
3  104   praga  wieden    700   137
4  105   milan  wieden    710    87
5  106   milan   praga   1100    99
plane_assignment ---------------: 2026-03-31 21:38:32,939 INFO 
===============================================================================================
plane_assignment ---------------: 2026-03-31 21:38:32,940 INFO FLIGHT   | PLANE    | ORIGIN     | DEST       | SCHED  | ACTUAL | ARRIVE | PROFIT
plane_assignment ---------------: 2026-03-31 21:38:32,940 INFO -----------------------------------------------------------------------------------------------
plane_assignment ---------------: 2026-03-31 21:38:32,955 INFO 101      | BOEING1  | praga*     | milan      |    600 |  600   |    657 | $ -36,365
plane_assignment ---------------: 2026-03-31 21:38:32,955 INFO 102      | BOEING1  | milan      | wieden     |    650 |  657!  |    709 | $ -14,662
plane_assignment ---------------: 2026-03-31 21:38:32,955 INFO 103      | BOEING1  | wieden     | praga      |    700 |  709!  |    728 | $ -10,885
plane_assignment ---------------: 2026-03-31 21:38:32,955 INFO 104      | BOEING1  | praga      | wieden     |    700 |  728!  |    747 | $ -17,984
plane_assignment ---------------: 2026-03-31 21:38:32,955 INFO 105      | BOEING2  | milan*     | wieden     |    710 |  710   |    763 | $ -55,002
plane_assignment ---------------: 2026-03-31 21:38:32,955 INFO 106      | BOEING2  | milan*     | praga      |   1100 | 1100   |   1157 | $ -37,245
plane_assignment ---------------: 2026-03-31 21:38:32,956 INFO -----------------------------------------------------------------------------------------------
plane_assignment ---------------: 2026-03-31 21:38:32,957 INFO TOTAL SYSTEM PROFIT: $-172,142.43
plane_assignment ---------------: 2026-03-31 21:38:32,958 INFO (*) Relocation flight required | (!) Flight delayed by plane availability
plane_assignment ---------------: 2026-03-31 21:38:32,958 INFO ===============================================================================================
